<?xml version="1.0" encoding="UTF-8"?>
<robot generator="Robot 3.2.2 (Python 3.10.4 on win32)" generated="20221006 11:01:43.435" rpa="false">
<suite id="s1" name="MMT Robot" source="C:\Users\P1345336\git\MMT_Hotels\MMT_Robot">
<suite id="s1-s1" name="Test Cases" source="C:\Users\P1345336\git\MMT_Hotels\MMT_Robot\Test_Cases">
<suite id="s1-s1-s1" name="MMT TestCases" source="C:\Users\P1345336\git\MMT_Hotels\MMT_Robot\Test_Cases\MMT_TestCases.robot">
<test id="s1-s1-s1-t1" name="MMT-Hotels-TC-001">
<kw name="Launch Browser" library="Common_Functionalites">
<kw name="Open Browser" library="SeleniumLibrary">
<doc>Opens a new browser instance to the optional ``url``.</doc>
<arguments>
<arg>${URL}</arg>
<arg>${BROWSER_NAME}</arg>
<arg>executable_path=${EXECDIR}${/}Drivers${/}chromedriver.exe</arg>
</arguments>
<msg timestamp="20221006 11:01:44.104" level="INFO">Opening browser 'gc' to base url 'https://www.makemytrip.com/'.</msg>
<msg timestamp="20221006 11:01:53.402" level="INFO">Cannot capture screenshot because no browser is open.</msg>
<msg timestamp="20221006 11:01:53.411" level="FAIL">SessionNotCreatedException: Message: session not created: This version of ChromeDriver only supports Chrome version 104
Current browser version is 106.0.5249.103 with binary path C:\Program Files (x86)\Google\Chrome\Application\chrome.exe
Stacktrace:
Backtrace:
	Ordinal0 [0x00DE78B3+2193587]
	Ordinal0 [0x00D80681+1771137]
	Ordinal0 [0x00C941A8+803240]
	Ordinal0 [0x00CB5CC3+941251]
	Ordinal0 [0x00CB13EF+922607]
	Ordinal0 [0x00CAEBC1+912321]
	Ordinal0 [0x00CE23B0+1123248]
	Ordinal0 [0x00CE200A+1122314]
	Ordinal0 [0x00CDD5C6+1103302]
	Ordinal0 [0x00CB77E0+948192]
	Ordinal0 [0x00CB86E6+952038]
	GetHandleVerifier [0x01090CB2+2738370]
	GetHandleVerifier [0x010821B8+2678216]
	GetHandleVerifier [0x00E717AA+512954]
	GetHandleVerifier [0x00E70856+509030]
	Ordinal0 [0x00D8743B+1799227]
	Ordinal0 [0x00D8BB68+1817448]
	Ordinal0 [0x00D8BC55+1817685]
	Ordinal0 [0x00D95230+1856048]
	BaseThreadInitThunk [0x76F4FA29+25]
	RtlGetAppContainerNamedObjectPath [0x77E17A9E+286]
	RtlGetAppContainerNamedObjectPath [0x77E17A6E+238]
</msg>
<status status="FAIL" starttime="20221006 11:01:44.103" endtime="20221006 11:01:53.411"></status>
</kw>
<status status="FAIL" starttime="20221006 11:01:44.102" endtime="20221006 11:01:53.411"></status>
</kw>
<doc>This Testcase Verify that User can Navigate to URL and click on Search</doc>
<status status="FAIL" starttime="20221006 11:01:44.100" endtime="20221006 11:01:53.412" critical="yes">SessionNotCreatedException: Message: session not created: This version of ChromeDriver only supports Chrome version 104
Current browser version is 106.0.5249.103 with binary path C:\Program Files (x86)\Google\Chrome\Application\chrome.exe
Stacktrace:
Backtrace:
	Ordinal0 [0x00DE78B3+2193587]
	Ordinal0 [0x00D80681+1771137]
	Ordinal0 [0x00C941A8+803240]
	Ordinal0 [0x00CB5CC3+941251]
	Ordinal0 [0x00CB13EF+922607]
	Ordinal0 [0x00CAEBC1+912321]
	Ordinal0 [0x00CE23B0+1123248]
	Ordinal0 [0x00CE200A+1122314]
	Ordinal0 [0x00CDD5C6+1103302]
	Ordinal0 [0x00CB77E0+948192]
	Ordinal0 [0x00CB86E6+952038]
	GetHandleVerifier [0x01090CB2+2738370]
	GetHandleVerifier [0x010821B8+2678216]
	GetHandleVerifier [0x00E717AA+512954]
	GetHandleVerifier [0x00E70856+509030]
	Ordinal0 [0x00D8743B+1799227]
	Ordinal0 [0x00D8BB68+1817448]
	Ordinal0 [0x00D8BC55+1817685]
	Ordinal0 [0x00D95230+1856048]
	BaseThreadInitThunk [0x76F4FA29+25]
	RtlGetAppContainerNamedObjectPath [0x77E17A9E+286]
	RtlGetAppContainerNamedObjectPath [0x77E17A6E+238]
</status>
</test>
<doc>This file contains keywords for the automation
</doc>
<status status="FAIL" starttime="20221006 11:01:43.532" endtime="20221006 11:01:53.413"></status>
</suite>
<status status="FAIL" starttime="20221006 11:01:43.528" endtime="20221006 11:01:53.416"></status>
</suite>
<status status="FAIL" starttime="20221006 11:01:43.505" endtime="20221006 11:01:53.418"></status>
</suite>
<statistics>
<total>
<stat pass="0" fail="1">Critical Tests</stat>
<stat pass="0" fail="1">All Tests</stat>
</total>
<tag>
</tag>
<suite>
<stat pass="0" fail="1" id="s1" name="MMT Robot">MMT Robot</stat>
<stat pass="0" fail="1" id="s1-s1" name="Test Cases">MMT Robot.Test Cases</stat>
<stat pass="0" fail="1" id="s1-s1-s1" name="MMT TestCases">MMT Robot.Test Cases.MMT TestCases</stat>
</suite>
</statistics>
<errors>
<msg timestamp="20221006 11:01:44.088" level="ERROR">Error in file 'C:\Users\P1345336\git\MMT_Hotels\MMT_Robot\Resources\MMT_Hotel_Details.resource' on line 50: Invalid variable name ' # CheckOUT #'.</msg>
</errors>
</robot>
